<?xml version="1.0" encoding="UTF-8"?>
<testng-results ignored="0" total="4" passed="3" failed="1" skipped="0">
  <reporter-output>
  </reporter-output>
  <suite started-at="2020-09-21T19:56:13 CDT" name="Default suite" finished-at="2020-09-21T19:56:41 CDT" duration-ms="27903">
    <groups>
      <group name="bvt">
        <method signature="hiltontestcase1.firstaction()[pri:1, instance:TestCaseforTNG.hiltontestcase1@5939a379]" name="firstaction" class="TestCaseforTNG.hiltontestcase1"/>
      </group> <!-- bvt -->
      <group name="function">
        <method signature="hiltontestcase1.titlecase()[pri:0, instance:TestCaseforTNG.hiltontestcase1@5939a379]" name="titlecase" class="TestCaseforTNG.hiltontestcase1"/>
      </group> <!-- function -->
    </groups>
    <test started-at="2020-09-21T19:56:13 CDT" name="Default test" finished-at="2020-09-21T19:56:41 CDT" duration-ms="27903">
      <class name="TestCaseforTNG.hiltontestcase1">
        <test-method is-config="true" signature="setup()[pri:0, instance:TestCaseforTNG.hiltontestcase1@5939a379]" started-at="2020-09-21T19:56:13 CDT" name="setup" finished-at="2020-09-21T19:56:13 CDT" duration-ms="8" status="PASS">
          <reporter-output>
          </reporter-output>
        </test-method> <!-- setup -->
        <test-method is-config="true" signature="webdrivermanage()[pri:0, instance:TestCaseforTNG.hiltontestcase1@5939a379]" started-at="2020-09-21T19:56:13 CDT" name="webdrivermanage" finished-at="2020-09-21T19:56:19 CDT" duration-ms="6599" status="PASS">
          <reporter-output>
          </reporter-output>
        </test-method> <!-- webdrivermanage -->
        <test-method signature="closewindow()[pri:0, instance:TestCaseforTNG.hiltontestcase1@5939a379]" started-at="2020-09-21T19:56:19 CDT" name="closewindow" finished-at="2020-09-21T19:56:20 CDT" duration-ms="112" status="PASS">
          <reporter-output>
          </reporter-output>
        </test-method> <!-- closewindow -->
        <test-method is-config="true" signature="closewindow()[pri:0, instance:TestCaseforTNG.hiltontestcase1@5939a379]" started-at="2020-09-21T19:56:20 CDT" name="closewindow" finished-at="2020-09-21T19:56:20 CDT" duration-ms="0" status="PASS">
          <reporter-output>
          </reporter-output>
        </test-method> <!-- closewindow -->
        <test-method is-config="true" signature="webdrivermanage()[pri:0, instance:TestCaseforTNG.hiltontestcase1@5939a379]" started-at="2020-09-21T19:56:20 CDT" name="webdrivermanage" finished-at="2020-09-21T19:56:25 CDT" duration-ms="4978" status="PASS">
          <reporter-output>
          </reporter-output>
        </test-method> <!-- webdrivermanage -->
        <test-method signature="titlecase()[pri:0, instance:TestCaseforTNG.hiltontestcase1@5939a379]" started-at="2020-09-21T19:56:25 CDT" name="titlecase" finished-at="2020-09-21T19:56:25 CDT" duration-ms="22" status="PASS">
          <reporter-output>
          </reporter-output>
        </test-method> <!-- titlecase -->
        <test-method is-config="true" signature="closewindow()[pri:0, instance:TestCaseforTNG.hiltontestcase1@5939a379]" started-at="2020-09-21T19:56:25 CDT" name="closewindow" finished-at="2020-09-21T19:56:25 CDT" duration-ms="110" status="PASS">
          <reporter-output>
          </reporter-output>
        </test-method> <!-- closewindow -->
        <test-method is-config="true" signature="webdrivermanage()[pri:0, instance:TestCaseforTNG.hiltontestcase1@5939a379]" started-at="2020-09-21T19:56:25 CDT" name="webdrivermanage" finished-at="2020-09-21T19:56:29 CDT" duration-ms="4833" status="PASS">
          <reporter-output>
          </reporter-output>
        </test-method> <!-- webdrivermanage -->
        <test-method signature="webdrivermanage()[pri:0, instance:TestCaseforTNG.hiltontestcase1@5939a379]" started-at="2020-09-21T19:56:29 CDT" name="webdrivermanage" finished-at="2020-09-21T19:56:35 CDT" duration-ms="5767" status="PASS">
          <reporter-output>
          </reporter-output>
        </test-method> <!-- webdrivermanage -->
        <test-method is-config="true" signature="closewindow()[pri:0, instance:TestCaseforTNG.hiltontestcase1@5939a379]" started-at="2020-09-21T19:56:35 CDT" name="closewindow" finished-at="2020-09-21T19:56:35 CDT" duration-ms="146" status="PASS">
          <reporter-output>
          </reporter-output>
        </test-method> <!-- closewindow -->
        <test-method is-config="true" signature="webdrivermanage()[pri:0, instance:TestCaseforTNG.hiltontestcase1@5939a379]" started-at="2020-09-21T19:56:35 CDT" name="webdrivermanage" finished-at="2020-09-21T19:56:40 CDT" duration-ms="4794" status="PASS">
          <reporter-output>
          </reporter-output>
        </test-method> <!-- webdrivermanage -->
        <test-method signature="firstaction()[pri:1, instance:TestCaseforTNG.hiltontestcase1@5939a379]" started-at="2020-09-21T19:56:40 CDT" name="firstaction" finished-at="2020-09-21T19:56:41 CDT" duration-ms="401" status="FAIL">
          <exception class="org.openqa.selenium.NoSuchElementException">
            <message>
              <![CDATA[no such element: Unable to locate element: {"method":"xpath","selector":"//*[@id="__next"]/div[2]/div/div/div/div/div/button"}
  (Session info: chrome=85.0.4183.102)
For documentation on this error, please visit: https://www.seleniumhq.org/exceptions/no_such_element.html
Build info: version: '3.141.59', revision: 'e82be7d358', time: '2018-11-14T08:17:03'
System info: host: 'MacBook-Pro.local', ip: '2601:381:4202:6ee0:0:0:0:332%en0', os.name: 'Mac OS X', os.arch: 'x86_64', os.version: '10.15.6', java.version: '11.0.8'
Driver info: org.openqa.selenium.chrome.ChromeDriver
Capabilities {acceptInsecureCerts: false, browserName: chrome, browserVersion: 85.0.4183.102, chrome: {chromedriverVersion: 85.0.4183.87 (cd6713ebf92fa..., userDataDir: /var/folders/q9/d20_z63d3q5...}, goog:chromeOptions: {debuggerAddress: localhost:54651}, javascriptEnabled: true, networkConnectionEnabled: false, pageLoadStrategy: normal, platform: MAC, platformName: MAC, proxy: Proxy(), setWindowRect: true, strictFileInteractability: false, timeouts: {implicit: 0, pageLoad: 300000, script: 30000}, unhandledPromptBehavior: dismiss and notify, webauthn:virtualAuthenticators: true}
Session ID: ac3af2e937bdab4e06f32f89fc93f1c0
*** Element info: {Using=xpath, value=//*[@id="__next"]/div[2]/div/div/div/div/div/button}]]>
            </message>
            <full-stacktrace>
              <![CDATA[org.openqa.selenium.NoSuchElementException: no such element: Unable to locate element: {"method":"xpath","selector":"//*[@id="__next"]/div[2]/div/div/div/div/div/button"}
  (Session info: chrome=85.0.4183.102)
For documentation on this error, please visit: https://www.seleniumhq.org/exceptions/no_such_element.html
Build info: version: '3.141.59', revision: 'e82be7d358', time: '2018-11-14T08:17:03'
System info: host: 'MacBook-Pro.local', ip: '2601:381:4202:6ee0:0:0:0:332%en0', os.name: 'Mac OS X', os.arch: 'x86_64', os.version: '10.15.6', java.version: '11.0.8'
Driver info: org.openqa.selenium.chrome.ChromeDriver
Capabilities {acceptInsecureCerts: false, browserName: chrome, browserVersion: 85.0.4183.102, chrome: {chromedriverVersion: 85.0.4183.87 (cd6713ebf92fa..., userDataDir: /var/folders/q9/d20_z63d3q5...}, goog:chromeOptions: {debuggerAddress: localhost:54651}, javascriptEnabled: true, networkConnectionEnabled: false, pageLoadStrategy: normal, platform: MAC, platformName: MAC, proxy: Proxy(), setWindowRect: true, strictFileInteractability: false, timeouts: {implicit: 0, pageLoad: 300000, script: 30000}, unhandledPromptBehavior: dismiss and notify, webauthn:virtualAuthenticators: true}
Session ID: ac3af2e937bdab4e06f32f89fc93f1c0
*** Element info: {Using=xpath, value=//*[@id="__next"]/div[2]/div/div/div/div/div/button}
at java.base/jdk.internal.reflect.NativeConstructorAccessorImpl.newInstance0(Native Method)
at java.base/jdk.internal.reflect.NativeConstructorAccessorImpl.newInstance(NativeConstructorAccessorImpl.java:62)
at java.base/jdk.internal.reflect.DelegatingConstructorAccessorImpl.newInstance(DelegatingConstructorAccessorImpl.java:45)
at java.base/java.lang.reflect.Constructor.newInstance(Constructor.java:490)
at org.openqa.selenium.remote.http.W3CHttpResponseCodec.createException(W3CHttpResponseCodec.java:187)
at org.openqa.selenium.remote.http.W3CHttpResponseCodec.decode(W3CHttpResponseCodec.java:122)
at org.openqa.selenium.remote.http.W3CHttpResponseCodec.decode(W3CHttpResponseCodec.java:49)
at org.openqa.selenium.remote.HttpCommandExecutor.execute(HttpCommandExecutor.java:158)
at org.openqa.selenium.remote.service.DriverCommandExecutor.execute(DriverCommandExecutor.java:83)
at org.openqa.selenium.remote.RemoteWebDriver.execute(RemoteWebDriver.java:552)
at org.openqa.selenium.remote.RemoteWebDriver.findElement(RemoteWebDriver.java:323)
at org.openqa.selenium.remote.RemoteWebDriver.findElementByXPath(RemoteWebDriver.java:428)
at org.openqa.selenium.By$ByXPath.findElement(By.java:353)
at org.openqa.selenium.remote.RemoteWebDriver.findElement(RemoteWebDriver.java:315)
at TestCaseforTNG.hiltontestcase1.firstaction(hiltontestcase1.java:95)
at java.base/jdk.internal.reflect.NativeMethodAccessorImpl.invoke0(Native Method)
at java.base/jdk.internal.reflect.NativeMethodAccessorImpl.invoke(NativeMethodAccessorImpl.java:62)
at java.base/jdk.internal.reflect.DelegatingMethodAccessorImpl.invoke(DelegatingMethodAccessorImpl.java:43)
at java.base/java.lang.reflect.Method.invoke(Method.java:566)
at org.testng.internal.MethodInvocationHelper.invokeMethod(MethodInvocationHelper.java:132)
at org.testng.internal.TestInvoker.invokeMethod(TestInvoker.java:599)
at org.testng.internal.TestInvoker.invokeTestMethod(TestInvoker.java:174)
at org.testng.internal.MethodRunner.runInSequence(MethodRunner.java:46)
at org.testng.internal.TestInvoker$MethodInvocationAgent.invoke(TestInvoker.java:822)
at org.testng.internal.TestInvoker.invokeTestMethods(TestInvoker.java:147)
at org.testng.internal.TestMethodWorker.invokeTestMethods(TestMethodWorker.java:146)
at org.testng.internal.TestMethodWorker.run(TestMethodWorker.java:128)
at java.base/java.util.ArrayList.forEach(ArrayList.java:1541)
at org.testng.TestRunner.privateRun(TestRunner.java:764)
at org.testng.TestRunner.run(TestRunner.java:585)
at org.testng.SuiteRunner.runTest(SuiteRunner.java:384)
at org.testng.SuiteRunner.runSequentially(SuiteRunner.java:378)
at org.testng.SuiteRunner.privateRun(SuiteRunner.java:337)
at org.testng.SuiteRunner.run(SuiteRunner.java:286)
at org.testng.SuiteRunnerWorker.runSuite(SuiteRunnerWorker.java:53)
at org.testng.SuiteRunnerWorker.run(SuiteRunnerWorker.java:96)
at org.testng.TestNG.runSuitesSequentially(TestNG.java:1218)
at org.testng.TestNG.runSuitesLocally(TestNG.java:1140)
at org.testng.TestNG.runSuites(TestNG.java:1069)
at org.testng.TestNG.run(TestNG.java:1037)
at org.testng.remote.AbstractRemoteTestNG.run(AbstractRemoteTestNG.java:115)
at org.testng.remote.RemoteTestNG.initAndRun(RemoteTestNG.java:251)
at org.testng.remote.RemoteTestNG.main(RemoteTestNG.java:77)
]]>
            </full-stacktrace>
          </exception> <!-- org.openqa.selenium.NoSuchElementException -->
          <reporter-output>
          </reporter-output>
        </test-method> <!-- firstaction -->
        <test-method is-config="true" signature="closewindow()[pri:0, instance:TestCaseforTNG.hiltontestcase1@5939a379]" started-at="2020-09-21T19:56:41 CDT" name="closewindow" finished-at="2020-09-21T19:56:41 CDT" duration-ms="108" status="PASS">
          <reporter-output>
          </reporter-output>
        </test-method> <!-- closewindow -->
        <test-method is-config="true" signature="exit()[pri:0, instance:TestCaseforTNG.hiltontestcase1@5939a379]" started-at="2020-09-21T19:56:41 CDT" name="exit" finished-at="2020-09-21T19:56:41 CDT" duration-ms="0" status="PASS">
          <reporter-output>
          </reporter-output>
        </test-method> <!-- exit -->
      </class> <!-- TestCaseforTNG.hiltontestcase1 -->
    </test> <!-- Default test -->
  </suite> <!-- Default suite -->
</testng-results>
